<?xml version="1.0" encoding="UTF-8" standalone="no"?>
<testsuite errors="0" failures="3" name="io.cucumber.core.plugin.JUnitFormatter" skipped="0" tests="16" time="253.235">
<testcase classname="F01_Register | users could register with new accounts" name="guest user could register with valid data successfully" time="25.303">
<system-out><![CDATA[Given user go to register page..............................................passed
When user select gender type................................................passed
And user enter first name and last name.....................................passed
And user enter date of birth................................................passed
And user enter email........................................................passed
And user fills Password fields..............................................passed
Then user clicks on register button.........................................passed
And success message is displayed............................................passed
]]></system-out>
</testcase>
<testcase classname="F02_Login | users could use login functionality to use their accounts" name="user could login with valid email and password" time="21.745">
<system-out><![CDATA[Given user go to login page.................................................passed
When user login with "valid" "esraa66m@gmail.com" and "PassW@rd12345".......passed
And user press on login button..............................................passed
Then user login to the system successfully..................................passed
]]></system-out>
</testcase>
<testcase classname="F02_Login | users could use login functionality to use their accounts" name="user could login with invalid email and password" time="18.894">
<system-out><![CDATA[Given user go to login page.................................................passed
When login with "invalid" "test@example.com" and "P@ssw0rd0000".............passed
And user press on login button..............................................passed
Then user could not login to the system.....................................passed
]]></system-out>
</testcase>
<testcase classname="Select Euro currency from the dropdown list" name="guest user could Select Euro currency" time="13.262">
<system-out><![CDATA[Given Select Euro currency from the dropdown list on the top left of home page.passed
Then verify Euro Symbol is shown............................................passed
]]></system-out>
</testcase>
<testcase classname="Search for product" name="user could search using PName" time="17.376">
<system-out><![CDATA[Given user clicks on search field...........................................passed
When user search for product like "Nokia"...................................passed
And user click on search Button.............................................passed
Then user could search successfully and go to search page...................passed
]]></system-out>
</testcase>
<testcase classname="Search for product" name="user search using SKU" time="16.122">
<system-out><![CDATA[Given user clicks on search field...........................................passed
When user search for product like "AP_MBP_13"...............................passed
And user click on search Button.............................................passed
Then user could search successfully with SKU................................passed
]]></system-out>
</testcase>
<testcase classname="user could hover categories and select sub category" name="user could hover categories" time="17.229">
<system-out><![CDATA[When user hover category and select subcategory.............................passed
And user click on subcategory...............................................passed
Then user go to relative product page.......................................passed
]]></system-out>
</testcase>
<testcase classname="F06_HomeSliders | users will be able to open sliders in home page" name="First slider clickable on homepage" time="13.374">
<failure message="URL of First Slide expected [https://demo.nopcommerce.com/nokia-lumia-1020] but found [https://demo.nopcommerce.com/]" type="java.lang.AssertionError"><![CDATA[When user clicks on first slider............................................passed
Then relative product for first slider is displayed.........................failed

StackTrace:
java.lang.AssertionError: URL of First Slide expected [https://demo.nopcommerce.com/nokia-lumia-1020] but found [https://demo.nopcommerce.com/]
	at org.testng.Assert.fail(Assert.java:110)
	at org.testng.Assert.failNotEquals(Assert.java:1413)
	at org.testng.Assert.assertEqualsImpl(Assert.java:149)
	at org.testng.Assert.assertEquals(Assert.java:131)
	at org.testng.Assert.assertEquals(Assert.java:655)
	at org.example.stepDefs.D06_homeSlidersStepDef.firstSlideDisplayed(D06_homeSlidersStepDef.java:21)
	at ✽.relative product for first slider is displayed(file:///C:/Users/esraa/IdeaProjects/E_commerceApp/src/main/resources/features/F06_homeSliders.feature:7)
]]></failure>
</testcase>
<testcase classname="F06_HomeSliders | users will be able to open sliders in home page" name="Second slider clickable on homepage" time="14.6">
<failure message="URL of Second Slide expected [https://demo.nopcommerce.com/iphone-6] but found [https://demo.nopcommerce.com/]" type="java.lang.AssertionError"><![CDATA[When user clicks on second slider...........................................passed
Then relative product for second slider is displayed........................failed

StackTrace:
java.lang.AssertionError: URL of Second Slide expected [https://demo.nopcommerce.com/iphone-6] but found [https://demo.nopcommerce.com/]
	at org.testng.Assert.fail(Assert.java:110)
	at org.testng.Assert.failNotEquals(Assert.java:1413)
	at org.testng.Assert.assertEqualsImpl(Assert.java:149)
	at org.testng.Assert.assertEquals(Assert.java:131)
	at org.testng.Assert.assertEquals(Assert.java:655)
	at org.example.stepDefs.D06_homeSlidersStepDef.secondSlideDisplayed(D06_homeSlidersStepDef.java:33)
	at ✽.relative product for second slider is displayed(file:///C:/Users/esraa/IdeaProjects/E_commerceApp/src/main/resources/features/F06_homeSliders.feature:12)
]]></failure>
</testcase>
<testcase classname="F07_FollowUs | users could open followUs links" name="user opens facebook link" time="13.678">
<system-out><![CDATA[When user opens facebook link...............................................passed
Then "https://www.facebook.com/nopCommerce" is opened in new tab............passed
]]></system-out>
</testcase>
<testcase classname="F07_FollowUs | users could open followUs links" name="user opens twitter link" time="12.929">
<system-out><![CDATA[When user opens twitter link................................................passed
Then "https://twitter.com/nopCommerce" is opened in new tab.................passed
]]></system-out>
</testcase>
<testcase classname="F07_FollowUs | users could open followUs links" name="user opens rss link" time="14.301">
<failure message="Index: 1, Size: 1" type="java.lang.IndexOutOfBoundsException"><![CDATA[When user opens rss link....................................................passed
Then "https://demo.nopcommerce.com/new-online-store-is-open" is opened in new tab.failed

StackTrace:
java.lang.IndexOutOfBoundsException: Index: 1, Size: 1
	at java.util.ArrayList.rangeCheck(ArrayList.java:653)
	at java.util.ArrayList.get(ArrayList.java:429)
	at org.example.stepDefs.D07_followUsStepDef.opensNewTab(D07_followUsStepDef.java:22)
	at ✽."https://demo.nopcommerce.com/new-online-store-is-open" is opened in new tab(file:///C:/Users/esraa/IdeaProjects/E_commerceApp/src/main/resources/features/F07_followUs.feature:16)
]]></failure>
</testcase>
<testcase classname="F07_FollowUs | users could open followUs links" name="user opens youtube link" time="13.11">
<system-out><![CDATA[When user opens youtube link................................................passed
Then "https://www.youtube.com/user/nopCommerce" is opened in new tab........passed
]]></system-out>
</testcase>
<testcase classname="guest user could add products to wishlist" name="success message is visible after adding item to wishlist" time="11.687">
<system-out><![CDATA[When user add item to wishlist..............................................passed
Then wishlist notification success is visible...............................passed
]]></system-out>
</testcase>
<testcase classname="guest user could add products to wishlist" name="number of wishlist items in home page is increased" time="12.058">
<system-out><![CDATA[When user add item to wishlist..............................................passed
Then wishlist notification success is visible...............................passed
And user get the number of wishlist items after adding item.................passed
Then the number of wishlist increased.......................................passed
]]></system-out>
</testcase>
<testcase classname="guest user could add products to wishlist" name="added items are displayed on wishlist" time="16.795">
<system-out><![CDATA[When user add item to wishlist..............................................passed
Then wishlist notification success is visible...............................passed
And user get the number of wishlist items after adding item.................passed
And user go to wishlist page................................................passed
Then the number of items greater than zero in wishlist page.................passed
]]></system-out>
</testcase>
</testsuite>
