<?xml version="1.0" encoding="UTF-8"?>
<!-- Generated by org.testng.reporters.JUnitReportReporter -->
<testsuite skipped="0" hostname="Lolly" name="org.example.testRunner.runners" tests="16" failures="2" timestamp="2022-08-05T14:41:26 EEST" time="252.919" errors="1">
  <testcase name="runScenario" time="11.693" classname="org.example.testRunner.runners"/>
  <system-out/>
  <testcase name="runScenario" time="14.607" classname="org.example.testRunner.runners">
    <failure type="java.lang.AssertionError" message="URL of Second Slide expected [https://demo.nopcommerce.com/iphone-6] but found [https://demo.nopcommerce.com/]">
      <![CDATA[java.lang.AssertionError: URL of Second Slide expected [https://demo.nopcommerce.com/iphone-6] but found [https://demo.nopcommerce.com/]
at org.testng.Assert.fail(Assert.java:110)
at org.testng.Assert.failNotEquals(Assert.java:1413)
at org.testng.Assert.assertEqualsImpl(Assert.java:149)
at org.testng.Assert.assertEquals(Assert.java:131)
at org.testng.Assert.assertEquals(Assert.java:655)
at org.example.stepDefs.D06_homeSlidersStepDef.secondSlideDisplayed(D06_homeSlidersStepDef.java:33)
at ✽.relative product for second slider is displayed(file:///C:/Users/esraa/IdeaProjects/E_commerceApp/src/main/resources/features/F06_homeSliders.feature:12)
]]>
    </failure>
  </testcase> <!-- runScenario -->
  <system-out/>
  <testcase name="runScenario" time="13.394" classname="org.example.testRunner.runners">
    <failure type="java.lang.AssertionError" message="URL of First Slide expected [https://demo.nopcommerce.com/nokia-lumia-1020] but found [https://demo.nopcommerce.com/]">
      <![CDATA[java.lang.AssertionError: URL of First Slide expected [https://demo.nopcommerce.com/nokia-lumia-1020] but found [https://demo.nopcommerce.com/]
at org.testng.Assert.fail(Assert.java:110)
at org.testng.Assert.failNotEquals(Assert.java:1413)
at org.testng.Assert.assertEqualsImpl(Assert.java:149)
at org.testng.Assert.assertEquals(Assert.java:131)
at org.testng.Assert.assertEquals(Assert.java:655)
at org.example.stepDefs.D06_homeSlidersStepDef.firstSlideDisplayed(D06_homeSlidersStepDef.java:21)
at ✽.relative product for first slider is displayed(file:///C:/Users/esraa/IdeaProjects/E_commerceApp/src/main/resources/features/F06_homeSliders.feature:7)
]]>
    </failure>
  </testcase> <!-- runScenario -->
  <system-out/>
  <testcase name="runScenario" time="14.316" classname="org.example.testRunner.runners">
    <error type="java.lang.IndexOutOfBoundsException" message="Index: 1, Size: 1">
      <![CDATA[java.lang.IndexOutOfBoundsException: Index: 1, Size: 1
at java.util.ArrayList.rangeCheck(ArrayList.java:653)
at java.util.ArrayList.get(ArrayList.java:429)
at org.example.stepDefs.D07_followUsStepDef.opensNewTab(D07_followUsStepDef.java:22)
at ✽."https://demo.nopcommerce.com/new-online-store-is-open" is opened in new tab(file:///C:/Users/esraa/IdeaProjects/E_commerceApp/src/main/resources/features/F07_followUs.feature:16)
]]>
    </error>
  </testcase> <!-- runScenario -->
  <system-out/>
  <testcase name="runScenario" time="17.244" classname="org.example.testRunner.runners"/>
  <system-out/>
  <testcase name="runScenario" time="16.817" classname="org.example.testRunner.runners"/>
  <system-out/>
  <testcase name="runScenario" time="12.073" classname="org.example.testRunner.runners"/>
  <system-out/>
  <testcase name="runScenario" time="13.293" classname="org.example.testRunner.runners"/>
  <system-out/>
  <testcase name="runScenario" time="16.153" classname="org.example.testRunner.runners"/>
  <system-out/>
  <testcase name="runScenario" time="21.761" classname="org.example.testRunner.runners"/>
  <system-out/>
  <testcase name="runScenario" time="18.909" classname="org.example.testRunner.runners"/>
  <system-out/>
  <testcase name="runScenario" time="13.126" classname="org.example.testRunner.runners"/>
  <system-out/>
  <testcase name="runScenario" time="17.407" classname="org.example.testRunner.runners"/>
  <system-out/>
  <testcase name="runScenario" time="25.504" classname="org.example.testRunner.runners"/>
  <system-out/>
  <testcase name="runScenario" time="13.693" classname="org.example.testRunner.runners"/>
  <system-out/>
  <testcase name="runScenario" time="12.929" classname="org.example.testRunner.runners"/>
  <system-out/>
</testsuite> <!-- org.example.testRunner.runners -->
